<?xml version="1.0" encoding="UTF-8"?>
<!-- Generated by org.testng.reporters.JUnitReportReporter -->
<testsuite hostname="SHAN-PC" name="tests.SelenumTest2" tests="1" failures="0" timestamp="6 Apr 2016 14:13:48 GMT" time="3.102" errors="0">
  <testcase name="test1" time="3.102" classname="tests.SelenumTest2"/>
</testsuite> <!-- tests.SelenumTest2 -->
