<?xml version="1.0" encoding="UTF-8"?>
<!-- Generated by org.testng.reporters.JUnitReportReporter -->
<testsuite hostname="SHAN-PC" name="com.shan.tests.SelenumTest2" tests="1" failures="0" timestamp="30 Mar 2016 16:10:23 GMT" time="3.620" errors="0">
  <testcase name="test1" time="3.620" classname="com.shan.tests.SelenumTest2"/>
</testsuite> <!-- com.shan.tests.SelenumTest2 -->
