<?xml version="1.0" encoding="UTF-8"?>
<!-- Generated by org.testng.reporters.JUnitReportReporter -->
<testsuite hostname="SHAN-PC" name="SeleniumTest1" tests="2" failures="0" timestamp="28 Mar 2016 18:01:16 GMT" time="11.909" errors="0">
  <testcase name="FBTest" time="2.816" classname="SeleniumTest1"/>
  <testcase name="FirstTest" time="9.093" classname="SeleniumTest1"/>
</testsuite> <!-- SeleniumTest1 -->
