<?xml version="1.0" encoding="UTF-8"?>
<!-- Generated by org.testng.reporters.JUnitReportReporter -->
<testsuite hostname="SHAN-PC" name="SeleniumTest" tests="2" failures="0" timestamp="28 Mar 2016 17:40:12 GMT" time="13.836" errors="0">
  <testcase name="FirstTest" time="11.397" classname="SeleniumTest"/>
  <testcase name="FBTest" time="2.439" classname="SeleniumTest"/>
</testsuite> <!-- SeleniumTest -->
